2026-03-01 23:11:43,454 - INFO - --- ROZPOCZĘCIE PROCESU SYNTHETIC DATA EDA ---
2026-03-01 23:11:43,454 - INFO - Generowanie logów syntetycznych...
2026-03-01 23:11:43,501 - INFO - Uruchomienie modułu analizy wizualnej...
2026-03-01 23:11:43,690 - INFO - Using categorical units to plot a list of strings that are all parsable as floats or dates. If these strings should be plotted as numbers, cast to the appropriate data type before plotting.
2026-03-01 23:11:43,694 - INFO - Using categorical units to plot a list of strings that are all parsable as floats or dates. If these strings should be plotted as numbers, cast to the appropriate data type before plotting.
2026-03-01 23:11:43,914 - INFO - Generowanie raportów JSON i TXT...
2026-03-01 23:11:43,916 - INFO - Eksportowanie surowych danych do CSV...
2026-03-01 23:11:43,921 - INFO - --- PROCES ZAKOŃCZONY SUKCESEM ---
2026-03-01 23:12:15,975 - INFO - --- ROZPOCZĘCIE PROCESU SYNTHETIC DATA EDA ---
2026-03-01 23:12:15,975 - INFO - Generowanie logów syntetycznych...
2026-03-01 23:12:16,022 - INFO - Uruchomienie modułu analizy wizualnej...
2026-03-01 23:12:16,226 - INFO - Using categorical units to plot a list of strings that are all parsable as floats or dates. If these strings should be plotted as numbers, cast to the appropriate data type before plotting.
2026-03-01 23:12:16,229 - INFO - Using categorical units to plot a list of strings that are all parsable as floats or dates. If these strings should be plotted as numbers, cast to the appropriate data type before plotting.
2026-03-01 23:12:16,437 - INFO - Generowanie raportów JSON i TXT...
2026-03-01 23:12:16,439 - INFO - Eksportowanie surowych danych do CSV...
2026-03-01 23:12:16,445 - INFO - --- PROCES ZAKOŃCZONY SUKCESEM ---
2026-03-01 23:25:46,077 - INFO - --- ROZPOCZĘCIE PROCESU SYNTHETIC DATA EDA ---
2026-03-01 23:25:46,077 - INFO - Generowanie logów syntetycznych...
2026-03-01 23:25:46,124 - INFO - Uruchomienie modułu analizy wizualnej...
2026-03-01 23:25:46,316 - INFO - Using categorical units to plot a list of strings that are all parsable as floats or dates. If these strings should be plotted as numbers, cast to the appropriate data type before plotting.
2026-03-01 23:25:46,320 - INFO - Using categorical units to plot a list of strings that are all parsable as floats or dates. If these strings should be plotted as numbers, cast to the appropriate data type before plotting.
2026-03-01 23:25:46,530 - INFO - Generowanie raportów JSON i TXT...
2026-03-01 23:25:46,532 - INFO - Eksportowanie surowych danych do CSV...
2026-03-01 23:25:46,537 - INFO - --- PROCES ZAKOŃCZONY SUKCESEM ---
